# JRE version: OpenJDK Runtime Environment (8.0_112-b06) (build 1.8.0_112-release-b06)
# Java VM: OpenJDK 64-Bit Server VM (25.112-b06 mixed mode linux-amd64 compressed oops)
Heap:
 PSYoungGen      total 95744K, used 14659K [0x00000000eab00000, 0x00000000f2700000, 0x0000000100000000)
  eden space 78336K, 0% used [0x00000000eab00000,0x00000000eab00000,0x00000000ef780000)
  from space 17408K, 84% used [0x00000000f0500000,0x00000000f1350f98,0x00000000f1600000)
  to   space 13824K, 0% used [0x00000000f1980000,0x00000000f1980000,0x00000000f2700000)
 ParOldGen       total 39424K, used 36543K [0x00000000c0000000, 0x00000000c2680000, 0x00000000eab00000)
  object space 39424K, 92% used [0x00000000c0000000,0x00000000c23afee8,0x00000000c2680000)
 Metaspace       used 6255K, capacity 7088K, committed 7296K, reserved 1056768K
  class space    used 589K, capacity 616K, committed 640K, reserved 1048576K
GC Heap History (10 events):
Event: 6.209 GC heap after
Heap after GC invocations=7 (full 0):
 PSYoungGen      total 37376K, used 5108K [0x00000000eab00000, 0x00000000ef900000, 0x0000000100000000)
  eden space 32256K, 0% used [0x00000000eab00000,0x00000000eab00000,0x00000000eca80000)
  from space 5120K, 99% used [0x00000000eca80000,0x00000000ecf7d128,0x00000000ecf80000)
  to   space 7680K, 0% used [0x00000000ef180000,0x00000000ef180000,0x00000000ef900000)
 ParOldGen       total 20480K, used 10722K [0x00000000c0000000, 0x00000000c1400000, 0x00000000eab00000)
  object space 20480K, 52% used [0x00000000c0000000,0x00000000c0a78ab8,0x00000000c1400000)
 Metaspace       used 5913K, capacity 6896K, committed 7040K, reserved 1056768K
  class space    used 570K, capacity 616K, committed 640K, reserved 1048576K
}
Event: 6.849 GC heap before
{Heap before GC invocations=8 (full 0):
 PSYoungGen      total 37376K, used 37364K [0x00000000eab00000, 0x00000000ef900000, 0x0000000100000000)
  eden space 32256K, 100% used [0x00000000eab00000,0x00000000eca80000,0x00000000eca80000)
  from space 5120K, 99% used [0x00000000eca80000,0x00000000ecf7d128,0x00000000ecf80000)
  to   space 7680K, 0% used [0x00000000ef180000,0x00000000ef180000,0x00000000ef900000)
 ParOldGen       total 20480K, used 10722K [0x00000000c0000000, 0x00000000c1400000, 0x00000000eab00000)
  object space 20480K, 52% used [0x00000000c0000000,0x00000000c0a78ab8,0x00000000c1400000)
 Metaspace       used 5937K, capacity 6896K, committed 7040K, reserved 1056768K
  class space    used 571K, capacity 616K, committed 640K, reserved 1048576K
Event: 6.902 GC heap after
Heap after GC invocations=8 (full 0):
 PSYoungGen      total 69632K, used 7654K [0x00000000eab00000, 0x00000000efe00000, 0x0000000100000000)
  eden space 61952K, 0% used [0x00000000eab00000,0x00000000eab00000,0x00000000ee780000)
  from space 7680K, 99% used [0x00000000ef180000,0x00000000ef8f9bb0,0x00000000ef900000)
  to   space 10240K, 0% used [0x00000000ee780000,0x00000000ee780000,0x00000000ef180000)
 ParOldGen       total 20480K, used 13691K [0x00000000c0000000, 0x00000000c1400000, 0x00000000eab00000)
  object space 20480K, 66% used [0x00000000c0000000,0x00000000c0d5eef8,0x00000000c1400000)
 Metaspace       used 5937K, capacity 6896K, committed 7040K, reserved 1056768K
  class space    used 571K, capacity 616K, committed 640K, reserved 1048576K
}
Event: 8.091 GC heap before
{Heap before GC invocations=9 (full 0):
 PSYoungGen      total 69632K, used 69606K [0x00000000eab00000, 0x00000000efe00000, 0x0000000100000000)
  eden space 61952K, 100% used [0x00000000eab00000,0x00000000ee780000,0x00000000ee780000)
  from space 7680K, 99% used [0x00000000ef180000,0x00000000ef8f9bb0,0x00000000ef900000)
  to   space 10240K, 0% used [0x00000000ee780000,0x00000000ee780000,0x00000000ef180000)
 ParOldGen       total 20480K, used 13691K [0x00000000c0000000, 0x00000000c1400000, 0x00000000eab00000)
  object space 20480K, 66% used [0x00000000c0000000,0x00000000c0d5eef8,0x00000000c1400000)
 Metaspace       used 6098K, capacity 6960K, committed 7040K, reserved 1056768K
  class space    used 589K, capacity 616K, committed 640K, reserved 1048576K
Event: 8.207 GC heap after
Heap after GC invocations=9 (full 0):
 PSYoungGen      total 72192K, used 10216K [0x00000000eab00000, 0x00000000f2700000, 0x0000000100000000)
  eden space 61952K, 0% used [0x00000000eab00000,0x00000000eab00000,0x00000000ee780000)
  from space 10240K, 99% used [0x00000000ee780000,0x00000000ef17a220,0x00000000ef180000)
  to   space 13824K, 0% used [0x00000000f1980000,0x00000000f1980000,0x00000000f2700000)
 ParOldGen       total 20480K, used 18420K [0x00000000c0000000, 0x00000000c1400000, 0x00000000eab00000)
  object space 20480K, 89% used [0x00000000c0000000,0x00000000c11fd2f0,0x00000000c1400000)
 Metaspace       used 6098K, capacity 6960K, committed 7040K, reserved 1056768K
  class space    used 589K, capacity 616K, committed 640K, reserved 1048576K
}
Event: 8.207 GC heap before
{Heap before GC invocations=10 (full 1):
 PSYoungGen      total 72192K, used 10216K [0x00000000eab00000, 0x00000000f2700000, 0x0000000100000000)
  eden space 61952K, 0% used [0x00000000eab00000,0x00000000eab00000,0x00000000ee780000)
  from space 10240K, 99% used [0x00000000ee780000,0x00000000ef17a220,0x00000000ef180000)
  to   space 13824K, 0% used [0x00000000f1980000,0x00000000f1980000,0x00000000f2700000)
 ParOldGen       total 20480K, used 18420K [0x00000000c0000000, 0x00000000c1400000, 0x00000000eab00000)
  object space 20480K, 89% used [0x00000000c0000000,0x00000000c11fd2f0,0x00000000c1400000)
 Metaspace       used 6098K, capacity 6960K, committed 7040K, reserved 1056768K
  class space    used 589K, capacity 616K, committed 640K, reserved 1048576K
Event: 9.032 GC heap after
Heap after GC invocations=10 (full 1):
 PSYoungGen      total 72192K, used 4550K [0x00000000eab00000, 0x00000000f2700000, 0x0000000100000000)
  eden space 61952K, 0% used [0x00000000eab00000,0x00000000eab00000,0x00000000ee780000)
  from space 10240K, 44% used [0x00000000ee780000,0x00000000eebf1808,0x00000000ef180000)
  to   space 13824K, 0% used [0x00000000f1980000,0x00000000f1980000,0x00000000f2700000)
 ParOldGen       total 39424K, used 20295K [0x00000000c0000000, 0x00000000c2680000, 0x00000000eab00000)
  object space 39424K, 51% used [0x00000000c0000000,0x00000000c13d1ec0,0x00000000c2680000)
 Metaspace       used 6098K, capacity 6960K, committed 7040K, reserved 1056768K
  class space    used 589K, capacity 616K, committed 640K, reserved 1048576K
}
Event: 10.073 GC heap before
{Heap before GC invocations=11 (full 1):
 PSYoungGen      total 72192K, used 66502K [0x00000000eab00000, 0x00000000f2700000, 0x0000000100000000)
  eden space 61952K, 100% used [0x00000000eab00000,0x00000000ee780000,0x00000000ee780000)
  from space 10240K, 44% used [0x00000000ee780000,0x00000000eebf1808,0x00000000ef180000)
  to   space 13824K, 0% used [0x00000000f1980000,0x00000000f1980000,0x00000000f2700000)
 ParOldGen       total 39424K, used 20295K [0x00000000c0000000, 0x00000000c2680000, 0x00000000eab00000)
  object space 39424K, 51% used [0x00000000c0000000,0x00000000c13d1ec0,0x00000000c2680000)
 Metaspace       used 6163K, capacity 7024K, committed 7296K, reserved 1056768K
  class space    used 589K, capacity 616K, committed 640K, reserved 1048576K
Event: 10.297 GC heap after
Heap after GC invocations=11 (full 1):
 PSYoungGen      total 92160K, used 13802K [0x00000000eab00000, 0x00000000f2700000, 0x0000000100000000)
  eden space 78336K, 0% used [0x00000000eab00000,0x00000000eab00000,0x00000000ef780000)
  from space 13824K, 99% used [0x00000000f1980000,0x00000000f26fa920,0x00000000f2700000)
  to   space 17408K, 0% used [0x00000000f0500000,0x00000000f0500000,0x00000000f1600000)
 ParOldGen       total 39424K, used 23305K [0x00000000c0000000, 0x00000000c2680000, 0x00000000eab00000)
  object space 39424K, 59% used [0x00000000c0000000,0x00000000c16c2518,0x00000000c2680000)
 Metaspace       used 6163K, capacity 7024K, committed 7296K, reserved 1056768K
  class space    used 589K, capacity 616K, committed 640K, reserved 1048576K
}
Event: 11.608 GC heap before
{Heap before GC invocations=12 (full 1):
 PSYoungGen      total 92160K, used 92138K [0x00000000eab00000, 0x00000000f2700000, 0x0000000100000000)
  eden space 78336K, 100% used [0x00000000eab00000,0x00000000ef780000,0x00000000ef780000)
  from space 13824K, 99% used [0x00000000f1980000,0x00000000f26fa920,0x00000000f2700000)
  to   space 17408K, 0% used [0x00000000f0500000,0x00000000f0500000,0x00000000f1600000)
 ParOldGen       total 39424K, used 23305K [0x00000000c0000000, 0x00000000c2680000, 0x00000000eab00000)
  object space 39424K, 59% used [0x00000000c0000000,0x00000000c16c2518,0x00000000c2680000)
 Metaspace       used 6255K, capacity 7088K, committed 7296K, reserved 1056768K
  class space    used 589K, capacity 616K, committed 640K, reserved 1048576K

